[2024-02-22 22:53:02,726: INFO: main: >>>>>> stage Data Ingestion stage started <<<<<<]
[2024-02-22 22:53:02,739: INFO: common: yaml file: config\config.yaml loaded successfully]
[2024-02-22 22:53:02,751: INFO: common: yaml file: params.yaml loaded successfully]
[2024-02-22 22:53:02,752: INFO: common: created directory at: artifacts]
[2024-02-22 22:53:02,753: INFO: common: created directory at: artifacts/data_ingestion]
[2024-02-22 22:53:14,081: INFO: data_ingestion: artifacts/data_ingestion/data.zip download! with following info: 
Connection: close
Content-Length: 11616915
Cache-Control: max-age=300
Content-Security-Policy: default-src 'none'; style-src 'unsafe-inline'; sandbox
Content-Type: application/zip
ETag: "adf745abc03891fe493c3be264ec012691fe3fa21d861f35a27edbe6d86a76b1"
Strict-Transport-Security: max-age=31536000
X-Content-Type-Options: nosniff
X-Frame-Options: deny
X-XSS-Protection: 1; mode=block
X-GitHub-Request-Id: 3AF2:CEDBC:3CBCEB:425CBA:65D782F6
Accept-Ranges: bytes
Date: Thu, 22 Feb 2024 17:23:03 GMT
Via: 1.1 varnish
X-Served-By: cache-bom4721-BOM
X-Cache: MISS
X-Cache-Hits: 0
X-Timer: S1708622583.005544,VS0,VE819
Vary: Authorization,Accept-Encoding,Origin
Access-Control-Allow-Origin: *
Cross-Origin-Resource-Policy: cross-origin
X-Fastly-Request-ID: b5eb5d1aefa5a3d37993d438607bbb6cf6fd0b16
Expires: Thu, 22 Feb 2024 17:28:03 GMT
Source-Age: 0

]
[2024-02-22 22:53:14,775: INFO: main: >>>>>> stage Data Ingestion stage completed <<<<<<

x==========x]
[2024-02-22 22:59:26,526: INFO: main: >>>>>> stage Data Ingestion stage started <<<<<<]
[2024-02-22 22:59:26,538: INFO: common: yaml file: config\config.yaml loaded successfully]
[2024-02-22 22:59:26,547: INFO: common: yaml file: params.yaml loaded successfully]
[2024-02-22 22:59:26,548: INFO: common: created directory at: artifacts]
[2024-02-22 22:59:26,548: INFO: common: created directory at: artifacts/data_ingestion]
[2024-02-22 22:59:26,550: INFO: data_ingestion: File already exists of size: ~ 11345 KB]
[2024-02-22 22:59:27,043: INFO: main: >>>>>> stage Data Ingestion stage completed <<<<<<

x==========x]
[2024-02-23 11:04:44,681: INFO: main: >>>>>> stage Data Ingestion stage started <<<<<<]
[2024-02-23 11:04:44,691: INFO: common: yaml file: config\config.yaml loaded successfully]
[2024-02-23 11:04:44,701: INFO: common: yaml file: params.yaml loaded successfully]
[2024-02-23 11:04:44,702: INFO: common: created directory at: artifacts]
[2024-02-23 11:04:44,703: INFO: common: created directory at: artifacts/data_ingestion]
[2024-02-23 11:04:49,527: INFO: data_ingestion: artifacts/data_ingestion/data.zip download! with following info: 
Connection: close
Content-Length: 11616915
Cache-Control: max-age=300
Content-Security-Policy: default-src 'none'; style-src 'unsafe-inline'; sandbox
Content-Type: application/zip
ETag: "adf745abc03891fe493c3be264ec012691fe3fa21d861f35a27edbe6d86a76b1"
Strict-Transport-Security: max-age=31536000
X-Content-Type-Options: nosniff
X-Frame-Options: deny
X-XSS-Protection: 1; mode=block
X-GitHub-Request-Id: 6992:16A7A8:12A2DB:1832F3:65D82E73
Accept-Ranges: bytes
Date: Fri, 23 Feb 2024 05:34:45 GMT
Via: 1.1 varnish
X-Served-By: cache-bom4744-BOM
X-Cache: MISS
X-Cache-Hits: 0
X-Timer: S1708666484.256401,VS0,VE888
Vary: Authorization,Accept-Encoding,Origin
Access-Control-Allow-Origin: *
Cross-Origin-Resource-Policy: cross-origin
X-Fastly-Request-ID: 0d848cbb8e8ceeb7061692ba2313765c53c26f8b
Expires: Fri, 23 Feb 2024 05:39:45 GMT
Source-Age: 1

]
[2024-02-23 11:04:49,936: INFO: main: >>>>>> stage Data Ingestion stage completed <<<<<<

x==========x]
[2024-02-23 11:52:16,212: INFO: main: >>>>>> stage Data Ingestion stage started <<<<<<]
[2024-02-23 11:52:16,216: INFO: common: yaml file: config\config.yaml loaded successfully]
[2024-02-23 11:52:16,218: INFO: common: yaml file: params.yaml loaded successfully]
[2024-02-23 11:52:16,218: INFO: common: created directory at: artifacts]
[2024-02-23 11:52:16,219: INFO: common: created directory at: artifacts/data_ingestion]
[2024-02-23 11:52:16,219: INFO: data_ingestion: File already exists of size: ~ 11345 KB]
[2024-02-23 11:52:16,544: INFO: main: >>>>>> stage Data Ingestion stage completed <<<<<<

x==========x]
[2024-02-23 11:52:16,544: INFO: main: *******************]
[2024-02-23 11:52:16,544: INFO: main: >>>>>> stage Prepare base model started <<<<<<]
[2024-02-23 11:52:16,547: INFO: common: yaml file: config\config.yaml loaded successfully]
[2024-02-23 11:52:16,549: INFO: common: yaml file: params.yaml loaded successfully]
[2024-02-23 11:52:16,549: INFO: common: created directory at: artifacts]
[2024-02-23 11:52:16,551: INFO: common: created directory at: artifacts/prepare_base_model]
[2024-02-23 11:52:17,209: WARNING: saving_utils: Compiled the loaded model, but the compiled metrics have yet to be built. `model.compile_metrics` will be empty until you train or evaluate the model.]
[2024-02-23 11:52:17,401: INFO: main: >>>>>> stage Prepare base model completed <<<<<<

x==========x]
[2024-02-23 19:01:51,157: INFO: common: yaml file: config\config.yaml loaded successfully]
[2024-02-23 19:01:51,179: INFO: common: yaml file: params.yaml loaded successfully]
[2024-02-23 19:01:51,182: INFO: common: created directory at: artifacts]
[2024-02-23 19:01:51,184: INFO: common: created directory at: artifacts\prepare_callbacks\checkpoint_dir]
[2024-02-23 19:01:51,186: INFO: common: created directory at: artifacts\prepare_callbacks\tensorboard_log_dir]
[2024-02-23 19:03:17,399: INFO: common: yaml file: config\config.yaml loaded successfully]
[2024-02-23 19:03:17,403: INFO: common: yaml file: params.yaml loaded successfully]
[2024-02-23 19:03:17,405: INFO: common: created directory at: artifacts]
[2024-02-23 19:03:17,406: INFO: common: created directory at: artifacts\prepare_callbacks\checkpoint_dir]
[2024-02-23 19:03:17,408: INFO: common: created directory at: artifacts\prepare_callbacks\tensorboard_log_dir]
[2024-02-23 19:04:12,764: INFO: common: yaml file: config\config.yaml loaded successfully]
[2024-02-23 19:04:12,768: INFO: common: yaml file: params.yaml loaded successfully]
[2024-02-23 19:04:12,769: INFO: common: created directory at: artifacts]
[2024-02-23 19:04:12,770: INFO: common: created directory at: artifacts\prepare_callbacks\checkpoint_dir]
[2024-02-23 19:04:12,772: INFO: common: created directory at: artifacts\prepare_callbacks\tensorboard_log_dir]
[2024-02-23 19:05:39,441: INFO: common: yaml file: config\config.yaml loaded successfully]
[2024-02-23 19:05:39,445: INFO: common: yaml file: params.yaml loaded successfully]
[2024-02-23 19:05:39,447: INFO: common: created directory at: artifacts]
[2024-02-23 19:05:39,449: INFO: common: created directory at: artifacts\prepare_callbacks\checkpoint_dir]
[2024-02-23 19:05:39,450: INFO: common: created directory at: artifacts\prepare_callbacks\tensorboard_log_dir]
[2024-02-23 19:30:00,657: INFO: common: yaml file: config\config.yaml loaded successfully]
[2024-02-23 19:30:00,676: INFO: common: yaml file: params.yaml loaded successfully]
[2024-02-23 19:30:00,678: INFO: common: created directory at: artifacts]
[2024-02-23 19:30:00,679: INFO: common: created directory at: artifacts\prepare_callbacks\checkpoint_dir]
[2024-02-23 19:30:00,681: INFO: common: created directory at: artifacts\prepare_callbacks\tensorboard_log_dir]
[2024-02-23 20:07:42,173: INFO: common: yaml file: config\config.yaml loaded successfully]
[2024-02-23 20:07:42,177: INFO: common: yaml file: params.yaml loaded successfully]
[2024-02-23 20:07:42,178: INFO: common: created directory at: artifacts]
[2024-02-23 20:07:42,180: INFO: common: created directory at: artifacts\prepare_callbacks\checkpoint_dir]
[2024-02-23 20:07:42,182: INFO: common: created directory at: artifacts\prepare_callbacks\tensorboard_log_dir]
[2024-02-23 20:08:43,664: INFO: common: yaml file: config\config.yaml loaded successfully]
[2024-02-23 20:08:43,668: INFO: common: yaml file: params.yaml loaded successfully]
[2024-02-23 20:08:43,669: INFO: common: created directory at: artifacts]
[2024-02-23 20:08:43,670: INFO: common: created directory at: artifacts\prepare_callbacks\checkpoint_dir]
[2024-02-23 20:08:43,672: INFO: common: created directory at: artifacts\prepare_callbacks\tensorboard_log_dir]
[2024-02-23 20:08:43,673: INFO: common: created directory at: artifacts\training]
[2024-02-23 20:17:10,008: INFO: main: >>>>>> stage Data Ingestion stage started <<<<<<]
[2024-02-23 20:17:10,013: INFO: common: yaml file: config\config.yaml loaded successfully]
[2024-02-23 20:17:10,015: INFO: common: yaml file: params.yaml loaded successfully]
[2024-02-23 20:17:10,015: INFO: common: created directory at: artifacts]
[2024-02-23 20:17:10,016: INFO: common: created directory at: artifacts/data_ingestion]
[2024-02-23 20:17:10,016: INFO: data_ingestion: File already exists of size: ~ 11345 KB]
[2024-02-23 20:17:10,380: INFO: main: >>>>>> stage Data Ingestion stage completed <<<<<<

x==========x]
[2024-02-23 20:17:10,382: INFO: main: *******************]
[2024-02-23 20:17:10,382: INFO: main: >>>>>> stage Prepare base model started <<<<<<]
[2024-02-23 20:17:10,384: INFO: common: yaml file: config\config.yaml loaded successfully]
[2024-02-23 20:17:10,389: INFO: common: yaml file: params.yaml loaded successfully]
[2024-02-23 20:17:10,390: INFO: common: created directory at: artifacts]
[2024-02-23 20:17:10,391: INFO: common: created directory at: artifacts/prepare_base_model]
[2024-02-23 20:17:11,147: WARNING: saving_utils: Compiled the loaded model, but the compiled metrics have yet to be built. `model.compile_metrics` will be empty until you train or evaluate the model.]
[2024-02-23 20:17:11,471: INFO: main: >>>>>> stage Prepare base model completed <<<<<<

x==========x]
[2024-02-23 20:17:11,472: INFO: main: *******************]
[2024-02-23 20:17:11,474: INFO: main: >>>>>> stage Training started <<<<<<]
[2024-02-23 20:17:11,476: INFO: common: yaml file: config\config.yaml loaded successfully]
[2024-02-23 20:17:11,477: INFO: common: yaml file: params.yaml loaded successfully]
[2024-02-23 20:17:11,478: INFO: common: created directory at: artifacts]
[2024-02-23 20:17:11,478: INFO: common: created directory at: artifacts\prepare_callbacks\checkpoint_dir]
[2024-02-23 20:17:11,478: INFO: common: created directory at: artifacts\prepare_callbacks\tensorboard_log_dir]
[2024-02-23 20:17:11,481: ERROR: main: 'WindowsPath' object has no attribute 'endswith']
Traceback (most recent call last):
  File "main.py", line 40, in <module>
    model_trainer.main()
  File "c:\users\asus\chicken-disease\chicken-disease-classification-projects\src\cnnClassifier\pipeline\stage_03_training.py", line 19, in main
    callback_list = prepare_callbacks.get_tb_ckpt_callbacks()
  File "c:\users\asus\chicken-disease\chicken-disease-classification-projects\src\cnnClassifier\components\prepare_callbacks.py", line 36, in get_tb_ckpt_callbacks
    self._create_ckpt_callbacks
  File "c:\users\asus\chicken-disease\chicken-disease-classification-projects\src\cnnClassifier\components\prepare_callbacks.py", line 27, in _create_ckpt_callbacks
    return tf.keras.callbacks.ModelCheckpoint(
  File "C:\Users\Asus\chicken-disease\Chicken-Disease-Classification-Projects\chik12\lib\site-packages\keras\src\callbacks.py", line 1369, in __init__
    if filepath and filepath.endswith(".keras") and options is not None:
AttributeError: 'WindowsPath' object has no attribute 'endswith'
[2024-02-23 20:21:45,167: INFO: main: >>>>>> stage Data Ingestion stage started <<<<<<]
[2024-02-23 20:21:45,172: INFO: common: yaml file: config\config.yaml loaded successfully]
[2024-02-23 20:21:45,173: INFO: common: yaml file: params.yaml loaded successfully]
[2024-02-23 20:21:45,174: INFO: common: created directory at: artifacts]
[2024-02-23 20:21:45,174: INFO: common: created directory at: artifacts/data_ingestion]
[2024-02-23 20:23:03,711: INFO: data_ingestion: artifacts/data_ingestion/data.zip download! with following info: 
Connection: close
Content-Length: 11616915
Cache-Control: max-age=300
Content-Security-Policy: default-src 'none'; style-src 'unsafe-inline'; sandbox
Content-Type: application/zip
ETag: "adf745abc03891fe493c3be264ec012691fe3fa21d861f35a27edbe6d86a76b1"
Strict-Transport-Security: max-age=31536000
X-Content-Type-Options: nosniff
X-Frame-Options: deny
X-XSS-Protection: 1; mode=block
X-GitHub-Request-Id: 443E:1F317B:1E999:217DF:65D8B100
Accept-Ranges: bytes
Date: Fri, 23 Feb 2024 14:51:45 GMT
Via: 1.1 varnish
X-Served-By: cache-bom4723-BOM
X-Cache: MISS
X-Cache-Hits: 0
X-Timer: S1708699905.782233,VS0,VE710
Vary: Authorization,Accept-Encoding,Origin
Access-Control-Allow-Origin: *
Cross-Origin-Resource-Policy: cross-origin
X-Fastly-Request-ID: 76d2c00af9a7c69f510ccb92f43f17d945c29512
Expires: Fri, 23 Feb 2024 14:56:45 GMT
Source-Age: 0

]
[2024-02-23 20:23:04,236: INFO: main: >>>>>> stage Data Ingestion stage completed <<<<<<

x==========x]
[2024-02-23 20:23:04,238: INFO: main: *******************]
[2024-02-23 20:23:04,238: INFO: main: >>>>>> stage Prepare base model started <<<<<<]
[2024-02-23 20:23:04,242: INFO: common: yaml file: config\config.yaml loaded successfully]
[2024-02-23 20:23:04,247: INFO: common: yaml file: params.yaml loaded successfully]
[2024-02-23 20:23:04,248: INFO: common: created directory at: artifacts]
[2024-02-23 20:23:04,250: INFO: common: created directory at: artifacts/prepare_base_model]
[2024-02-23 20:23:04,914: WARNING: saving_utils: Compiled the loaded model, but the compiled metrics have yet to be built. `model.compile_metrics` will be empty until you train or evaluate the model.]
[2024-02-23 20:23:05,232: INFO: main: >>>>>> stage Prepare base model completed <<<<<<

x==========x]
[2024-02-23 20:23:05,232: INFO: main: *******************]
[2024-02-23 20:23:05,234: INFO: main: >>>>>> stage Training started <<<<<<]
[2024-02-23 20:23:05,237: INFO: common: yaml file: config\config.yaml loaded successfully]
[2024-02-23 20:23:05,242: INFO: common: yaml file: params.yaml loaded successfully]
[2024-02-23 20:23:05,242: INFO: common: created directory at: artifacts]
[2024-02-23 20:23:05,243: INFO: common: created directory at: artifacts\prepare_callbacks\checkpoint_dir]
[2024-02-23 20:23:05,244: INFO: common: created directory at: artifacts\prepare_callbacks\tensorboard_log_dir]
[2024-02-23 20:23:05,246: ERROR: main: 'WindowsPath' object has no attribute 'endswith']
Traceback (most recent call last):
  File "main.py", line 40, in <module>
    model_trainer.main()
  File "c:\users\asus\chicken-disease\chicken-disease-classification-projects\src\cnnClassifier\pipeline\stage_03_training.py", line 19, in main
    callback_list = prepare_callbacks.get_tb_ckpt_callbacks()
  File "c:\users\asus\chicken-disease\chicken-disease-classification-projects\src\cnnClassifier\components\prepare_callbacks.py", line 36, in get_tb_ckpt_callbacks
    self._create_ckpt_callbacks
  File "c:\users\asus\chicken-disease\chicken-disease-classification-projects\src\cnnClassifier\components\prepare_callbacks.py", line 27, in _create_ckpt_callbacks
    return tf.keras.callbacks.ModelCheckpoint(
  File "C:\Users\Asus\chicken-disease\Chicken-Disease-Classification-Projects\chik12\lib\site-packages\keras\src\callbacks.py", line 1369, in __init__
    if filepath and filepath.endswith(".keras") and options is not None:
AttributeError: 'WindowsPath' object has no attribute 'endswith'
[2024-02-23 20:24:11,703: INFO: main: >>>>>> stage Data Ingestion stage started <<<<<<]
[2024-02-23 20:24:11,707: INFO: common: yaml file: config\config.yaml loaded successfully]
[2024-02-23 20:24:11,710: INFO: common: yaml file: params.yaml loaded successfully]
[2024-02-23 20:24:11,710: INFO: common: created directory at: artifacts]
[2024-02-23 20:24:11,710: INFO: common: created directory at: artifacts/data_ingestion]
[2024-02-23 20:24:11,711: INFO: data_ingestion: File already exists of size: ~ 11345 KB]
[2024-02-23 20:24:12,041: INFO: main: >>>>>> stage Data Ingestion stage completed <<<<<<

x==========x]
[2024-02-23 20:24:12,042: INFO: main: *******************]
[2024-02-23 20:24:12,042: INFO: main: >>>>>> stage Prepare base model started <<<<<<]
[2024-02-23 20:24:12,045: INFO: common: yaml file: config\config.yaml loaded successfully]
[2024-02-23 20:24:12,049: INFO: common: yaml file: params.yaml loaded successfully]
[2024-02-23 20:24:12,050: INFO: common: created directory at: artifacts]
[2024-02-23 20:24:12,051: INFO: common: created directory at: artifacts/prepare_base_model]
[2024-02-23 20:24:12,634: WARNING: saving_utils: Compiled the loaded model, but the compiled metrics have yet to be built. `model.compile_metrics` will be empty until you train or evaluate the model.]
[2024-02-23 20:24:12,924: INFO: main: >>>>>> stage Prepare base model completed <<<<<<

x==========x]
[2024-02-23 20:24:12,924: INFO: main: *******************]
[2024-02-23 20:24:12,924: INFO: main: >>>>>> stage Training started <<<<<<]
[2024-02-23 20:24:12,926: INFO: common: yaml file: config\config.yaml loaded successfully]
[2024-02-23 20:24:12,928: INFO: common: yaml file: params.yaml loaded successfully]
[2024-02-23 20:24:12,929: INFO: common: created directory at: artifacts]
[2024-02-23 20:24:12,929: INFO: common: created directory at: artifacts\prepare_callbacks\checkpoint_dir]
[2024-02-23 20:24:12,929: INFO: common: created directory at: artifacts\prepare_callbacks\tensorboard_log_dir]
[2024-02-23 20:24:12,931: ERROR: main: 'WindowsPath' object has no attribute 'endswith']
Traceback (most recent call last):
  File "main.py", line 40, in <module>
    model_trainer.main()
  File "c:\users\asus\chicken-disease\chicken-disease-classification-projects\src\cnnClassifier\pipeline\stage_03_training.py", line 19, in main
    callback_list = prepare_callbacks.get_tb_ckpt_callbacks()
  File "c:\users\asus\chicken-disease\chicken-disease-classification-projects\src\cnnClassifier\components\prepare_callbacks.py", line 36, in get_tb_ckpt_callbacks
    self._create_ckpt_callbacks
  File "c:\users\asus\chicken-disease\chicken-disease-classification-projects\src\cnnClassifier\components\prepare_callbacks.py", line 27, in _create_ckpt_callbacks
    return str(tf.keras.callbacks.ModelCheckpoint(
  File "C:\Users\Asus\chicken-disease\Chicken-Disease-Classification-Projects\chik12\lib\site-packages\keras\src\callbacks.py", line 1369, in __init__
    if filepath and filepath.endswith(".keras") and options is not None:
AttributeError: 'WindowsPath' object has no attribute 'endswith'
[2024-02-23 20:27:19,951: INFO: main: >>>>>> stage Data Ingestion stage started <<<<<<]
[2024-02-23 20:27:19,954: INFO: common: yaml file: config\config.yaml loaded successfully]
[2024-02-23 20:27:19,956: INFO: common: yaml file: params.yaml loaded successfully]
[2024-02-23 20:27:19,956: INFO: common: created directory at: artifacts]
[2024-02-23 20:27:19,956: INFO: common: created directory at: artifacts/data_ingestion]
[2024-02-23 20:27:19,956: INFO: data_ingestion: File already exists of size: ~ 11345 KB]
[2024-02-23 20:27:20,293: INFO: main: >>>>>> stage Data Ingestion stage completed <<<<<<

x==========x]
[2024-02-23 20:27:20,294: INFO: main: *******************]
[2024-02-23 20:27:20,294: INFO: main: >>>>>> stage Prepare base model started <<<<<<]
[2024-02-23 20:27:20,296: INFO: common: yaml file: config\config.yaml loaded successfully]
[2024-02-23 20:27:20,300: INFO: common: yaml file: params.yaml loaded successfully]
[2024-02-23 20:27:20,302: INFO: common: created directory at: artifacts]
[2024-02-23 20:27:20,302: INFO: common: created directory at: artifacts/prepare_base_model]
[2024-02-23 20:27:20,858: WARNING: saving_utils: Compiled the loaded model, but the compiled metrics have yet to be built. `model.compile_metrics` will be empty until you train or evaluate the model.]
[2024-02-23 20:27:21,161: INFO: main: >>>>>> stage Prepare base model completed <<<<<<

x==========x]
[2024-02-23 20:27:21,162: INFO: main: *******************]
[2024-02-23 20:27:21,162: INFO: main: >>>>>> stage Training started <<<<<<]
[2024-02-23 20:27:21,166: INFO: common: yaml file: config\config.yaml loaded successfully]
[2024-02-23 20:27:21,169: INFO: common: yaml file: params.yaml loaded successfully]
[2024-02-23 20:27:21,170: INFO: common: created directory at: artifacts]
[2024-02-23 20:27:21,171: INFO: common: created directory at: artifacts\prepare_callbacks\checkpoint_dir]
[2024-02-23 20:27:21,171: INFO: common: created directory at: artifacts\prepare_callbacks\tensorboard_log_dir]
[2024-02-23 20:27:21,173: ERROR: main: 'WindowsPath' object has no attribute 'endswith']
Traceback (most recent call last):
  File "main.py", line 40, in <module>
    model_trainer.main()
  File "c:\users\asus\chicken-disease\chicken-disease-classification-projects\src\cnnClassifier\pipeline\stage_03_training.py", line 19, in main
    callback_list = prepare_callbacks.get_tb_ckpt_callbacks()
  File "c:\users\asus\chicken-disease\chicken-disease-classification-projects\src\cnnClassifier\components\prepare_callbacks.py", line 36, in get_tb_ckpt_callbacks
    self._create_ckpt_callbacks
  File "c:\users\asus\chicken-disease\chicken-disease-classification-projects\src\cnnClassifier\components\prepare_callbacks.py", line 27, in _create_ckpt_callbacks
    return tf.keras.callbacks.ModelCheckpoint(
  File "C:\Users\Asus\chicken-disease\Chicken-Disease-Classification-Projects\chik12\lib\site-packages\keras\src\callbacks.py", line 1369, in __init__
    if filepath and filepath.endswith(".keras") and options is not None:
AttributeError: 'WindowsPath' object has no attribute 'endswith'
[2024-02-23 20:30:54,969: INFO: common: yaml file: config\config.yaml loaded successfully]
[2024-02-23 20:30:54,972: INFO: common: yaml file: params.yaml loaded successfully]
[2024-02-23 20:30:54,974: INFO: common: created directory at: artifacts]
[2024-02-23 20:30:54,975: INFO: common: created directory at: artifacts\prepare_callbacks\checkpoint_dir]
[2024-02-23 20:30:54,976: INFO: common: created directory at: artifacts\prepare_callbacks\tensorboard_log_dir]
[2024-02-23 20:31:16,781: INFO: common: yaml file: config\config.yaml loaded successfully]
[2024-02-23 20:31:16,785: INFO: common: yaml file: params.yaml loaded successfully]
[2024-02-23 20:31:16,786: INFO: common: created directory at: artifacts]
[2024-02-23 20:31:16,788: INFO: common: created directory at: artifacts\prepare_callbacks\checkpoint_dir]
[2024-02-23 20:31:16,789: INFO: common: created directory at: artifacts\prepare_callbacks\tensorboard_log_dir]
[2024-02-23 20:31:16,793: INFO: common: created directory at: artifacts\training]
[2024-02-23 20:33:52,520: INFO: main: >>>>>> stage Data Ingestion stage started <<<<<<]
[2024-02-23 20:33:52,524: INFO: common: yaml file: config\config.yaml loaded successfully]
[2024-02-23 20:33:52,527: INFO: common: yaml file: params.yaml loaded successfully]
[2024-02-23 20:33:52,527: INFO: common: created directory at: artifacts]
[2024-02-23 20:33:52,527: INFO: common: created directory at: artifacts/data_ingestion]
[2024-02-23 20:33:52,528: INFO: data_ingestion: File already exists of size: ~ 11345 KB]
[2024-02-23 20:33:52,966: INFO: main: >>>>>> stage Data Ingestion stage completed <<<<<<

x==========x]
[2024-02-23 20:33:52,967: INFO: main: *******************]
[2024-02-23 20:33:52,967: INFO: main: >>>>>> stage Prepare base model started <<<<<<]
[2024-02-23 20:33:52,974: INFO: common: yaml file: config\config.yaml loaded successfully]
[2024-02-23 20:33:52,979: INFO: common: yaml file: params.yaml loaded successfully]
[2024-02-23 20:33:52,980: INFO: common: created directory at: artifacts]
[2024-02-23 20:33:52,980: INFO: common: created directory at: artifacts/prepare_base_model]
[2024-02-23 20:33:53,490: WARNING: saving_utils: Compiled the loaded model, but the compiled metrics have yet to be built. `model.compile_metrics` will be empty until you train or evaluate the model.]
[2024-02-23 20:33:53,780: INFO: main: >>>>>> stage Prepare base model completed <<<<<<

x==========x]
[2024-02-23 20:33:53,780: INFO: main: *******************]
[2024-02-23 20:33:53,780: INFO: main: >>>>>> stage Training started <<<<<<]
[2024-02-23 20:33:53,783: INFO: common: yaml file: config\config.yaml loaded successfully]
[2024-02-23 20:33:53,785: INFO: common: yaml file: params.yaml loaded successfully]
[2024-02-23 20:33:53,786: INFO: common: created directory at: artifacts]
[2024-02-23 20:33:53,787: INFO: common: created directory at: artifacts\prepare_callbacks\checkpoint_dir]
[2024-02-23 20:33:53,787: INFO: common: created directory at: artifacts\prepare_callbacks\tensorboard_log_dir]
[2024-02-23 20:33:53,790: INFO: common: created directory at: artifacts\training]
[2024-02-23 20:35:04,133: INFO: main: >>>>>> stage Training completed <<<<<<

x==========x]
[2024-02-23 20:35:25,715: INFO: main: >>>>>> stage Data Ingestion stage started <<<<<<]
[2024-02-23 20:35:25,718: INFO: common: yaml file: config\config.yaml loaded successfully]
[2024-02-23 20:35:25,719: INFO: common: yaml file: params.yaml loaded successfully]
[2024-02-23 20:35:25,720: INFO: common: created directory at: artifacts]
[2024-02-23 20:35:25,720: INFO: common: created directory at: artifacts/data_ingestion]
[2024-02-23 20:35:25,720: INFO: data_ingestion: File already exists of size: ~ 11345 KB]
[2024-02-23 20:35:26,029: INFO: main: >>>>>> stage Data Ingestion stage completed <<<<<<

x==========x]
[2024-02-23 20:35:26,029: INFO: main: *******************]
[2024-02-23 20:35:26,030: INFO: main: >>>>>> stage Prepare base model started <<<<<<]
[2024-02-23 20:35:26,035: INFO: common: yaml file: config\config.yaml loaded successfully]
[2024-02-23 20:35:26,036: INFO: common: yaml file: params.yaml loaded successfully]
[2024-02-23 20:35:26,037: INFO: common: created directory at: artifacts]
[2024-02-23 20:35:26,037: INFO: common: created directory at: artifacts/prepare_base_model]
[2024-02-23 20:35:26,566: WARNING: saving_utils: Compiled the loaded model, but the compiled metrics have yet to be built. `model.compile_metrics` will be empty until you train or evaluate the model.]
[2024-02-23 20:35:26,843: INFO: main: >>>>>> stage Prepare base model completed <<<<<<

x==========x]
[2024-02-23 20:35:26,843: INFO: main: *******************]
[2024-02-23 20:35:26,843: INFO: main: >>>>>> stage Training started <<<<<<]
[2024-02-23 20:35:26,846: INFO: common: yaml file: config\config.yaml loaded successfully]
[2024-02-23 20:35:26,848: INFO: common: yaml file: params.yaml loaded successfully]
[2024-02-23 20:35:26,848: INFO: common: created directory at: artifacts]
[2024-02-23 20:35:26,848: INFO: common: created directory at: artifacts\prepare_callbacks\checkpoint_dir]
[2024-02-23 20:35:26,849: INFO: common: created directory at: artifacts\prepare_callbacks\tensorboard_log_dir]
[2024-02-23 20:35:26,850: INFO: common: created directory at: artifacts\training]
[2024-02-23 20:47:16,268: INFO: main: >>>>>> stage Training completed <<<<<<

x==========x]
[2024-02-24 11:13:58,991: INFO: common: yaml file: config\config.yaml loaded successfully]
[2024-02-24 11:13:58,996: INFO: common: yaml file: params.yaml loaded successfully]
[2024-02-24 11:13:58,998: INFO: common: created directory at: artifacts]
[2024-02-24 11:14:26,932: INFO: common: json file saved at: scores.json]
[2024-02-24 11:21:13,194: INFO: common: yaml file: config\config.yaml loaded successfully]
[2024-02-24 11:21:13,200: INFO: common: yaml file: params.yaml loaded successfully]
[2024-02-24 11:21:13,202: INFO: common: created directory at: artifacts]
[2024-02-24 11:21:36,868: INFO: common: json file saved at: scores.json]
[2024-02-24 11:29:18,810: INFO: main: >>>>>> stage Data Ingestion stage started <<<<<<]
[2024-02-24 11:29:18,814: INFO: common: yaml file: config\config.yaml loaded successfully]
[2024-02-24 11:29:18,816: INFO: common: yaml file: params.yaml loaded successfully]
[2024-02-24 11:29:18,817: INFO: common: created directory at: artifacts]
[2024-02-24 11:29:18,817: INFO: common: created directory at: artifacts/data_ingestion]
[2024-02-24 11:29:23,957: INFO: data_ingestion: artifacts/data_ingestion/data.zip download! with following info: 
Connection: close
Content-Length: 11616915
Cache-Control: max-age=300
Content-Security-Policy: default-src 'none'; style-src 'unsafe-inline'; sandbox
Content-Type: application/zip
ETag: "adf745abc03891fe493c3be264ec012691fe3fa21d861f35a27edbe6d86a76b1"
Strict-Transport-Security: max-age=31536000
X-Content-Type-Options: nosniff
X-Frame-Options: deny
X-XSS-Protection: 1; mode=block
X-GitHub-Request-Id: C468:A04A4:95F741:A3F589:65D985B6
Accept-Ranges: bytes
Date: Sat, 24 Feb 2024 05:59:20 GMT
Via: 1.1 varnish
X-Served-By: cache-bom4737-BOM
X-Cache: MISS
X-Cache-Hits: 0
X-Timer: S1708754360.869093,VS0,VE803
Vary: Authorization,Accept-Encoding,Origin
Access-Control-Allow-Origin: *
Cross-Origin-Resource-Policy: cross-origin
X-Fastly-Request-ID: 15c3318b8b11bef8a69c4a8733a322fd86c6ad65
Expires: Sat, 24 Feb 2024 06:04:20 GMT
Source-Age: 0

]
[2024-02-24 11:29:24,393: INFO: main: >>>>>> stage Data Ingestion stage completed <<<<<<

x==========x]
[2024-02-24 11:29:24,393: INFO: main: *******************]
[2024-02-24 11:29:24,394: INFO: main: >>>>>> stage Prepare base model started <<<<<<]
[2024-02-24 11:29:24,399: INFO: common: yaml file: config\config.yaml loaded successfully]
[2024-02-24 11:29:24,403: INFO: common: yaml file: params.yaml loaded successfully]
[2024-02-24 11:29:24,405: INFO: common: created directory at: artifacts]
[2024-02-24 11:29:24,406: INFO: common: created directory at: artifacts/prepare_base_model]
[2024-02-24 11:29:25,141: WARNING: saving_utils: Compiled the loaded model, but the compiled metrics have yet to be built. `model.compile_metrics` will be empty until you train or evaluate the model.]
[2024-02-24 11:29:25,499: INFO: main: >>>>>> stage Prepare base model completed <<<<<<

x==========x]
[2024-02-24 11:29:25,500: INFO: main: *******************]
[2024-02-24 11:29:25,500: INFO: main: >>>>>> stage Training started <<<<<<]
[2024-02-24 11:29:25,504: INFO: common: yaml file: config\config.yaml loaded successfully]
[2024-02-24 11:29:25,506: INFO: common: yaml file: params.yaml loaded successfully]
[2024-02-24 11:29:25,507: INFO: common: created directory at: artifacts]
[2024-02-24 11:29:25,510: INFO: common: created directory at: artifacts\prepare_callbacks\checkpoint_dir]
[2024-02-24 11:29:25,514: INFO: common: created directory at: artifacts\prepare_callbacks\tensorboard_log_dir]
[2024-02-24 11:29:25,522: INFO: common: created directory at: artifacts\training]
[2024-02-24 11:49:14,922: INFO: main: >>>>>> stage Training completed <<<<<<

x==========x]
[2024-02-24 11:49:14,933: INFO: main: *******************]
[2024-02-24 11:49:14,934: INFO: main: >>>>>> stage Evaluation stage started <<<<<<]
[2024-02-24 11:49:14,968: INFO: common: yaml file: config\config.yaml loaded successfully]
[2024-02-24 11:49:14,977: INFO: common: yaml file: params.yaml loaded successfully]
[2024-02-24 11:49:14,983: INFO: common: created directory at: artifacts]
[2024-02-24 11:50:01,270: INFO: common: json file saved at: scores.json]
[2024-02-24 11:50:01,272: INFO: main: >>>>>> stage Evaluation stage completed <<<<<<

x==========x]
[2024-02-24 11:57:42,715: INFO: stage_01_data_ingestion: >>>>>> stage Data Ingestion stage started <<<<<<]
[2024-02-24 11:57:42,718: INFO: common: yaml file: config\config.yaml loaded successfully]
[2024-02-24 11:57:42,719: INFO: common: yaml file: params.yaml loaded successfully]
[2024-02-24 11:57:42,720: INFO: common: created directory at: artifacts]
[2024-02-24 11:57:42,721: INFO: common: created directory at: artifacts/data_ingestion]
[2024-02-24 11:57:47,040: INFO: data_ingestion: artifacts/data_ingestion/data.zip download! with following info: 
Connection: close
Content-Length: 11616915
Cache-Control: max-age=300
Content-Security-Policy: default-src 'none'; style-src 'unsafe-inline'; sandbox
Content-Type: application/zip
ETag: "adf745abc03891fe493c3be264ec012691fe3fa21d861f35a27edbe6d86a76b1"
Strict-Transport-Security: max-age=31536000
X-Content-Type-Options: nosniff
X-Frame-Options: deny
X-XSS-Protection: 1; mode=block
X-GitHub-Request-Id: C468:A04A4:95F741:A3F589:65D985B6
Accept-Ranges: bytes
Date: Sat, 24 Feb 2024 06:27:44 GMT
Via: 1.1 varnish
X-Served-By: cache-bom4746-BOM
X-Cache: HIT
X-Cache-Hits: 0
X-Timer: S1708756064.769076,VS0,VE237
Vary: Authorization,Accept-Encoding,Origin
Access-Control-Allow-Origin: *
Cross-Origin-Resource-Policy: cross-origin
X-Fastly-Request-ID: 65eb8d8e8cf57e527120f8ebe0a3ee1ff2cf6a7b
Expires: Sat, 24 Feb 2024 06:32:44 GMT
Source-Age: 0

]
[2024-02-24 11:57:47,563: INFO: stage_01_data_ingestion: >>>>>> stage Data Ingestion stage completed <<<<<<

x==========x]
[2024-02-24 11:58:20,369: INFO: stage_01_data_ingestion: >>>>>> stage Data Ingestion stage started <<<<<<]
[2024-02-24 11:58:20,372: INFO: common: yaml file: config\config.yaml loaded successfully]
[2024-02-24 11:58:20,374: INFO: common: yaml file: params.yaml loaded successfully]
[2024-02-24 11:58:20,375: INFO: common: created directory at: artifacts]
[2024-02-24 11:58:20,375: INFO: common: created directory at: artifacts/data_ingestion]
[2024-02-24 11:58:20,376: INFO: data_ingestion: File already exists of size: ~ 11345 KB]
[2024-02-24 11:58:20,834: INFO: stage_01_data_ingestion: >>>>>> stage Data Ingestion stage completed <<<<<<

x==========x]
[2024-02-24 12:07:56,423: INFO: stage_01_data_ingestion: >>>>>> stage Data Ingestion stage started <<<<<<]
[2024-02-24 12:07:56,426: INFO: common: yaml file: config\config.yaml loaded successfully]
[2024-02-24 12:07:56,427: INFO: common: yaml file: params.yaml loaded successfully]
[2024-02-24 12:07:56,428: INFO: common: created directory at: artifacts]
[2024-02-24 12:07:56,428: INFO: common: created directory at: artifacts/data_ingestion]
[2024-02-24 12:08:00,698: INFO: data_ingestion: artifacts/data_ingestion/data.zip download! with following info: 
Connection: close
Content-Length: 11616915
Cache-Control: max-age=300
Content-Security-Policy: default-src 'none'; style-src 'unsafe-inline'; sandbox
Content-Type: application/zip
ETag: "adf745abc03891fe493c3be264ec012691fe3fa21d861f35a27edbe6d86a76b1"
Strict-Transport-Security: max-age=31536000
X-Content-Type-Options: nosniff
X-Frame-Options: deny
X-XSS-Protection: 1; mode=block
X-GitHub-Request-Id: C468:A04A4:95F741:A3F589:65D985B6
Accept-Ranges: bytes
Date: Sat, 24 Feb 2024 06:37:57 GMT
Via: 1.1 varnish
X-Served-By: cache-bom4750-BOM
X-Cache: HIT
X-Cache-Hits: 0
X-Timer: S1708756677.352716,VS0,VE248
Vary: Authorization,Accept-Encoding,Origin
Access-Control-Allow-Origin: *
Cross-Origin-Resource-Policy: cross-origin
X-Fastly-Request-ID: ac16bee8399616a8ec0a8922cd7cdcbfdcab80d2
Expires: Sat, 24 Feb 2024 06:42:57 GMT
Source-Age: 0

]
[2024-02-24 12:08:01,223: INFO: stage_01_data_ingestion: >>>>>> stage Data Ingestion stage completed <<<<<<

x==========x]
[2024-02-24 12:08:20,214: INFO: stage_02_prepare_base_model: *******************]
[2024-02-24 12:08:20,215: INFO: stage_02_prepare_base_model: >>>>>> stage Prepare base model started <<<<<<]
[2024-02-24 12:08:20,223: INFO: common: yaml file: config\config.yaml loaded successfully]
[2024-02-24 12:08:20,228: INFO: common: yaml file: params.yaml loaded successfully]
[2024-02-24 12:08:20,229: INFO: common: created directory at: artifacts]
[2024-02-24 12:08:20,230: INFO: common: created directory at: artifacts/prepare_base_model]
[2024-02-24 12:08:21,640: WARNING: saving_utils: Compiled the loaded model, but the compiled metrics have yet to be built. `model.compile_metrics` will be empty until you train or evaluate the model.]
[2024-02-24 12:08:22,141: INFO: stage_02_prepare_base_model: >>>>>> stage Prepare base model completed <<<<<<

x==========x]
[2024-02-24 12:08:28,148: INFO: stage_03_training: *******************]
[2024-02-24 12:08:28,149: INFO: stage_03_training: >>>>>> stage Training started <<<<<<]
[2024-02-24 12:08:28,151: INFO: common: yaml file: config\config.yaml loaded successfully]
[2024-02-24 12:08:28,153: INFO: common: yaml file: params.yaml loaded successfully]
[2024-02-24 12:08:28,154: INFO: common: created directory at: artifacts]
[2024-02-24 12:08:28,157: INFO: common: created directory at: artifacts\prepare_callbacks\checkpoint_dir]
[2024-02-24 12:08:28,157: INFO: common: created directory at: artifacts\prepare_callbacks\tensorboard_log_dir]
[2024-02-24 12:08:28,160: INFO: common: created directory at: artifacts\training]
[2024-02-24 12:31:55,348: INFO: stage_03_training: >>>>>> stage Training completed <<<<<<

x==========x]
[2024-02-24 12:32:02,286: INFO: stage_04_evaluation: *******************]
[2024-02-24 12:32:02,287: INFO: stage_04_evaluation: >>>>>> stage Evaluation stage started <<<<<<]
[2024-02-24 12:32:02,289: INFO: common: yaml file: config\config.yaml loaded successfully]
[2024-02-24 12:32:02,291: INFO: common: yaml file: params.yaml loaded successfully]
[2024-02-24 12:32:02,293: INFO: common: created directory at: artifacts]
[2024-02-24 12:32:47,163: INFO: common: json file saved at: scores.json]
[2024-02-24 12:32:47,169: INFO: stage_04_evaluation: >>>>>> stage Evaluation stage completed <<<<<<

x==========x]
[2024-02-24 12:57:18,748: INFO: _internal: [31m[1mWARNING: This is a development server. Do not use it in a production deployment. Use a production WSGI server instead.[0m
 * Running on all addresses (0.0.0.0)
 * Running on http://127.0.0.1:80
 * Running on http://192.168.29.23:80]
[2024-02-24 12:57:18,749: INFO: _internal: [33mPress CTRL+C to quit[0m]
[2024-02-24 12:58:13,845: INFO: _internal: 127.0.0.1 - - [24/Feb/2024 12:58:13] "GET / HTTP/1.1" 200 -]
[2024-02-24 13:01:27,977: INFO: _internal: 127.0.0.1 - - [24/Feb/2024 13:01:27] "POST /predict HTTP/1.1" 200 -]
[2024-02-24 13:01:35,869: INFO: _internal: 127.0.0.1 - - [24/Feb/2024 13:01:35] "GET / HTTP/1.1" 200 -]
[2024-02-24 13:01:54,265: INFO: _internal: 127.0.0.1 - - [24/Feb/2024 13:01:54] "POST /predict HTTP/1.1" 200 -]
